<?xml version="1.0" encoding="UTF-8"?>
<!-- Generated by org.testng.reporters.JUnitReportReporter -->
<testsuite hostname="DEL1-DHP-28236" name="com.Automation.AllureDemo.AllureTest.TestAllure" tests="1" failures="0" timestamp="11 Jun 2018 08:24:32 GMT" time="13.924" errors="0">
  <testcase name="TestGoogle" time="13.924" classname="com.Automation.AllureDemo.AllureTest.TestAllure"/>
</testsuite> <!-- com.Automation.AllureDemo.AllureTest.TestAllure -->
